#
# A fatal error has been detected by the Java Runtime Environment:
#
#  EXCEPTION_ACCESS_VIOLATION (0xc0000005) at pc=0x53e1990a, pid=6588, tid=4836
#
# JRE version: Java(TM) SE Runtime Environment (8.0_20-b26) (build 1.8.0_20-b26)
# Java VM: Java HotSpot(TM) Client VM (25.20-b23 mixed mode, sharing windows-x86 )
# Problematic frame:
# C  0x53e1990a
#
# Failed to write core dump. Minidumps are not enabled by default on client versions of Windows
#
# If you would like to submit a bug report, please visit:
#   http://bugreport.sun.com/bugreport/crash.jsp
# The crash happened outside the Java Virtual Machine in native code.
# See problematic frame for where to report the bug.
#

---------------  T H R E A D  ---------------

Current thread (0x0147c000):  JavaThread "main" [_thread_in_native, id=4836, stack(0x013e0000,0x01430000)]

siginfo: ExceptionCode=0xc0000005, ExceptionInformation=0x00000008 0x53e1990a

Registers:
EAX=0x00000001, EBX=0x0142f1b0, ECX=0x47afc265, EDX=0x0142f082
ESP=0x0142f0bc, EBP=0x0142f13c, ESI=0x7469e9e5, EDI=0x00010001
EIP=0x53e1990a, EFLAGS=0x00010246

Top of Stack: (sp=0x0142f0bc)
0x0142f0bc:   155c07e4 00000000 155c07e0 00000028
0x0142f0cc:   00000000 00000000 00000556 00000300
0x0142f0dc:   00000000 00000000 00000556 000002d8
0x0142f0ec:   00000001 00000048 00000000 00000000
0x0142f0fc:   00000556 00000300 00000000 00000000
0x0142f10c:   00000556 000002d8 00000001 5c2e5c5c
0x0142f11c:   50534944 3159414c 0142f100 5d2387d5
0x0142f12c:   0147c000 00000006 00000004 47ee6ff4 

Instructions: (pc=0x53e1990a)
0x53e198ea:   
[error occurred during error reporting (printing registers, top of stack, instructions near pc), id 0xc0000005]

Register to memory mapping:

EAX=0x00000001 is an unknown value
EBX=0x0142f1b0 is pointing into the stack for thread: 0x0147c000
ECX=0x47afc265 is an unknown value
EDX=0x0142f082 is pointing into the stack for thread: 0x0147c000
ESP=0x0142f0bc is pointing into the stack for thread: 0x0147c000
EBP=0x0142f13c is pointing into the stack for thread: 0x0147c000
ESI=0x7469e9e5 is an unknown value
EDI=0x00010001 is an unknown value


Stack: [0x013e0000,0x01430000],  sp=0x0142f0bc,  free space=316k
Native frames: (J=compiled Java code, j=interpreted, Vv=VM code, C=native code)
C  0x53e1990a
C  [USER32.dll+0x157e6]
C  [ntdll.dll+0x4642e]
C  0x53e4baf5
C  [awt.dll+0x18be0]

Java frames: (J=compiled Java code, j=interpreted, Vv=VM code)
j  sun.java2d.d3d.D3DSurfaceData.initOps(III)V+0
j  sun.java2d.d3d.D3DSurfaceData.<init>(Lsun/awt/windows/WComponentPeer;Lsun/java2d/d3d/D3DGraphicsConfig;IILjava/awt/Image;Ljava/awt/image/ColorModel;IILsun/java2d/pipe/hw/ExtendedBufferCapabilities$VSyncType;I)V+76
j  sun.java2d.d3d.D3DSurfaceData.createData(Lsun/awt/windows/WComponentPeer;Ljava/awt/Image;)Lsun/java2d/d3d/D3DSurfaceData;+117
j  sun.java2d.d3d.D3DVolatileSurfaceManager.initAcceleratedSurface()Lsun/java2d/SurfaceData;+59
j  sun.java2d.d3d.D3DVolatileSurfaceManager.restoreAcceleratedSurface()V+62
j  sun.awt.image.VolatileSurfaceManager.validate(Ljava/awt/GraphicsConfiguration;)I+94
j  sun.awt.image.SunVolatileImage.validate(Ljava/awt/GraphicsConfiguration;)I+5
j  java.awt.Component$FlipBufferStrategy.revalidate(Z)V+82
j  java.awt.Component$FlipBufferStrategy.revalidate()V+2
j  java.awt.Component$FlipBufferStrategy.getDrawGraphics()Ljava/awt/Graphics;+1
J 199% C1 YBall.Game.Run()V (206 bytes) @ 0x01a2f450 [0x01a2f3d0+0x80]
j  YBall.Luncher.main([Ljava/lang/String;)V+25
v  ~StubRoutines::call_stub

---------------  P R O C E S S  ---------------

Java Threads: ( => current thread )
  0x14fdb800 JavaThread "AWT-EventQueue-0" [_thread_blocked, id=2204, stack(0x17db0000,0x17e00000)]
  0x14f91c00 JavaThread "AWT-Shutdown" [_thread_blocked, id=8144, stack(0x13a10000,0x13a60000)]
  0x14f8f800 JavaThread "Java2D Disposer" daemon [_thread_blocked, id=7796, stack(0x149b0000,0x14a00000)]
  0x0133e000 JavaThread "Service Thread" daemon [_thread_blocked, id=7216, stack(0x14840000,0x14890000)]
  0x0130bc00 JavaThread "C1 CompilerThread0" daemon [_thread_blocked, id=7688, stack(0x13a90000,0x13ae0000)]
  0x01306400 JavaThread "Attach Listener" daemon [_thread_blocked, id=4428, stack(0x13d00000,0x13d50000)]
  0x01303400 JavaThread "Signal Dispatcher" daemon [_thread_blocked, id=5928, stack(0x13b70000,0x13bc0000)]
  0x012f6c00 JavaThread "Finalizer" daemon [_thread_blocked, id=6520, stack(0x13c60000,0x13cb0000)]
  0x012f1c00 JavaThread "Reference Handler" daemon [_thread_blocked, id=3648, stack(0x03980000,0x039d0000)]
=>0x0147c000 JavaThread "main" [_thread_in_native, id=4836, stack(0x013e0000,0x01430000)]

Other Threads:
  0x012ef800 VMThread [stack: 0x13b00000,0x13b50000] [id=4684]
  0x0133ec00 WatcherThread [stack: 0x13db0000,0x13e00000] [id=6248]

VM state:not at safepoint (normal execution)

VM Mutex/Monitor currently owned by a thread: None

Heap:
 def new generation   total 4928K, used 3632K [0x03a00000, 0x03f50000, 0x08f50000)
  eden space 4416K,  70% used [0x03a00000, 0x03d0c370, 0x03e50000)
  from space 512K, 100% used [0x03ed0000, 0x03f50000, 0x03f50000)
  to   space 512K,   0% used [0x03e50000, 0x03e50000, 0x03ed0000)
 tenured generation   total 10944K, used 636K [0x08f50000, 0x09a00000, 0x13a00000)
   the space 10944K,   5% used [0x08f50000, 0x08fef1b0, 0x08fef200, 0x09a00000)
 Metaspace       used 676K, capacity 2387K, committed 2496K, reserved 4480K

Card table byte_map: [0x00610000,0x006a0000] byte_map_base: 0x005f3000

Polling page: 0x00230000

CodeCache: size=32768Kb used=923Kb max_used=923Kb free=31844Kb
 bounds [0x01950000, 0x01a38000, 0x03950000]
 total_blobs=440 nmethods=229 adapters=143
 compilation: enabled

Compilation events (10 events):
Event: 2.858 Thread 0x0130bc00  225             sun.java2d.loops.ProcessPath$FillData::<init> (19 bytes)
Event: 2.858 Thread 0x0130bc00 nmethod 225 0x01a361c8 code [0x01a362d0, 0x01a363cc]
Event: 2.858 Thread 0x0130bc00  226             sun.java2d.loops.ProcessPath$DrawHandler::adjustBounds (64 bytes)
Event: 2.859 Thread 0x0130bc00 nmethod 226 0x01a36488 code [0x01a36580, 0x01a3665c]
Event: 2.859 Thread 0x0130bc00  227             sun.java2d.pipe.BufferedRenderPipe$BufferedDrawHandler::endFillPath (5 bytes)
Event: 2.859 Thread 0x0130bc00 nmethod 227 0x01a366c8 code [0x01a367c0, 0x01a36860]
Event: 2.859 Thread 0x0130bc00  228             sun.java2d.pipe.BufferedRenderPipe$BufferedDrawHandler::updateScanlineCount (20 bytes)
Event: 2.859 Thread 0x0130bc00 nmethod 228 0x01a36948 code [0x01a36a40, 0x01a36ae0]
Event: 2.859 Thread 0x0130bc00  229             sun.java2d.pipe.RenderBuffer::putInt (17 bytes)
Event: 2.859 Thread 0x0130bc00 nmethod 229 0x01a36bc8 code [0x01a36cc0, 0x01a36d50]

GC Heap History (2 events):
Event: 1.537 GC heap before
{Heap before GC invocations=0 (full 0):
 def new generation   total 4928K, used 4416K [0x03a00000, 0x03f50000, 0x08f50000)
  eden space 4416K, 100% used [0x03a00000, 0x03e50000, 0x03e50000)
  from space 512K,   0% used [0x03e50000, 0x03e50000, 0x03ed0000)
  to   space 512K,   0% used [0x03ed0000, 0x03ed0000, 0x03f50000)
 tenured generation   total 10944K, used 0K [0x08f50000, 0x09a00000, 0x13a00000)
   the space 10944K,   0% used [0x08f50000, 0x08f50000, 0x08f50200, 0x09a00000)
 Metaspace       used 673K, capacity 2387K, committed 2496K, reserved 4480K
Event: 1.545 GC heap after
Heap after GC invocations=1 (full 0):
 def new generation   total 4928K, used 512K [0x03a00000, 0x03f50000, 0x08f50000)
  eden space 4416K,   0% used [0x03a00000, 0x03a00000, 0x03e50000)
  from space 512K, 100% used [0x03ed0000, 0x03f50000, 0x03f50000)
  to   space 512K,   0% used [0x03e50000, 0x03e50000, 0x03ed0000)
 tenured generation   total 10944K, used 636K [0x08f50000, 0x09a00000, 0x13a00000)
   the space 10944K,   5% used [0x08f50000, 0x08fef1b0, 0x08fef200, 0x09a00000)
 Metaspace       used 673K, capacity 2387K, committed 2496K, reserved 4480K
}

Deoptimization events (0 events):
No events

Internal exceptions (10 events):
Event: 0.177 Thread 0x0147c000 Exception <a 'java/security/PrivilegedActionException'> (0x03aa0b68) thrown at [D:\re\workspace\8-2-build-windows-i586-cygwin\jdk8u20\1074\hotspot\src\share\vm\prims\jvm.cpp, line 1275]
Event: 0.177 Thread 0x0147c000 Exception <a 'java/security/PrivilegedActionException'> (0x03aa0d18) thrown at [D:\re\workspace\8-2-build-windows-i586-cygwin\jdk8u20\1074\hotspot\src\share\vm\prims\jvm.cpp, line 1275]
Event: 0.179 Thread 0x0147c000 Exception <a 'java/security/PrivilegedActionException'> (0x03aa4398) thrown at [D:\re\workspace\8-2-build-windows-i586-cygwin\jdk8u20\1074\hotspot\src\share\vm\prims\jvm.cpp, line 1275]
Event: 0.179 Thread 0x0147c000 Exception <a 'java/security/PrivilegedActionException'> (0x03aa4548) thrown at [D:\re\workspace\8-2-build-windows-i586-cygwin\jdk8u20\1074\hotspot\src\share\vm\prims\jvm.cpp, line 1275]
Event: 0.210 Thread 0x0147c000 Exception <a 'java/io/FileNotFoundException'> (0x03aa6540) thrown at [D:\re\workspace\8-2-build-windows-i586-cygwin\jdk8u20\1074\hotspot\src\share\vm\prims\jni.cpp, line 716]
Event: 0.228 Thread 0x0147c000 Exception <a 'java/io/FileNotFoundException'> (0x03ac1758) thrown at [D:\re\workspace\8-2-build-windows-i586-cygwin\jdk8u20\1074\hotspot\src\share\vm\prims\jni.cpp, line 716]
Event: 0.248 Thread 0x0147c000 Exception <a 'java/lang/ClassNotFoundException': java/lang/Null> (0x03ad9f70) thrown at [D:\re\workspace\8-2-build-windows-i586-cygwin\jdk8u20\1074\hotspot\src\share\vm\classfile\systemDictionary.cpp, line 202]
Event: 0.276 Thread 0x0147c000 Exception <a 'java/lang/NoSuchFieldError': method resolution failed> (0x03b33f58) thrown at [D:\re\workspace\8-2-build-windows-i586-cygwin\jdk8u20\1074\hotspot\src\share\vm\prims\methodHandles.cpp, line 1159]
Event: 0.280 Thread 0x0147c000 Exception <a 'java/lang/NoSuchFieldError': method resolution failed> (0x03b418d8) thrown at [D:\re\workspace\8-2-build-windows-i586-cygwin\jdk8u20\1074\hotspot\src\share\vm\prims\methodHandles.cpp, line 1159]
Event: 0.282 Thread 0x0147c000 Exception <a 'java/lang/NoSuchFieldError': method resolution failed> (0x03b447d0) thrown at [D:\re\workspace\8-2-build-windows-i586-cygwin\jdk8u20\1074\hotspot\src\share\vm\prims\methodHandles.cpp, line 1159]

Events (10 events):
Event: 0.734 loading class java/text/AttributedString$AttributedStringIterator done
Event: 1.537 Executing VM operation: GenCollectForAllocation
Event: 1.546 Executing VM operation: GenCollectForAllocation done
Event: 2.849 Thread 0x15031000 Thread added: 0x15031000
Event: 2.850 Thread 0x15031800 Thread added: 0x15031800
Event: 2.850 Thread 0x15031000 Thread exited: 0x15031000
Event: 2.850 Thread 0x1501b800 Thread exited: 0x1501b800
Event: 2.853 loading class sun/java2d/pipe/hw/AccelDeviceEventNotifier
Event: 2.853 loading class sun/java2d/pipe/hw/AccelDeviceEventNotifier done
Event: 2.882 Thread 0x14f93400 Thread exited: 0x14f93400


Dynamic libraries:
0x00080000 - 0x000b0000 	C:\Program Files\Java\jre1.8.0_20\bin\javaw.exe
0x77000000 - 0x7713c000 	C:\Windows\SYSTEM32\ntdll.dll
0x74ce0000 - 0x74db4000 	C:\Windows\system32\kernel32.dll
0x74610000 - 0x7465a000 	C:\Windows\system32\KERNELBASE.dll
0x74850000 - 0x748f0000 	C:\Windows\system32\ADVAPI32.dll
0x74c30000 - 0x74cdc000 	C:\Windows\system32\msvcrt.dll
0x76150000 - 0x76169000 	C:\Windows\SYSTEM32\sechost.dll
0x74950000 - 0x749f1000 	C:\Windows\system32\RPCRT4.dll
0x74690000 - 0x74759000 	C:\Windows\system32\USER32.dll
0x74a90000 - 0x74ade000 	C:\Windows\system32\GDI32.dll
0x75400000 - 0x7540a000 	C:\Windows\system32\LPK.dll
0x74760000 - 0x747fd000 	C:\Windows\system32\USP10.dll
0x73280000 - 0x7341e000 	C:\Windows\WinSxS\x86_microsoft.windows.common-controls_6595b64144ccf1df_6.0.7600.16385_none_421189da2b7fabfc\COMCTL32.dll
0x748f0000 - 0x74947000 	C:\Windows\system32\SHLWAPI.dll
0x76270000 - 0x7628f000 	C:\Windows\system32\IMM32.DLL
0x761a0000 - 0x7626c000 	C:\Windows\system32\MSCTF.dll
0x71360000 - 0x713dd000 	C:\Program Files\AVG\AVG2015\avghookx.dll
0x772b0000 - 0x7736f000 	C:\Program Files\Java\jre1.8.0_20\bin\msvcr100.dll
0x5d160000 - 0x5d502000 	C:\Program Files\Java\jre1.8.0_20\bin\client\jvm.dll
0x6fd00000 - 0x6fd07000 	C:\Windows\system32\WSOCK32.dll
0x74dc0000 - 0x74df5000 	C:\Windows\system32\WS2_32.dll
0x77140000 - 0x77146000 	C:\Windows\system32\NSI.dll
0x724b0000 - 0x724e2000 	C:\Windows\system32\WINMM.dll
0x760e0000 - 0x760e5000 	C:\Windows\system32\PSAPI.DLL
0x67e00000 - 0x67e0c000 	C:\Program Files\Java\jre1.8.0_20\bin\verify.dll
0x5e310000 - 0x5e331000 	C:\Program Files\Java\jre1.8.0_20\bin\java.dll
0x67de0000 - 0x67df3000 	C:\Program Files\Java\jre1.8.0_20\bin\zip.dll
0x75410000 - 0x76059000 	C:\Windows\system32\SHELL32.dll
0x751a0000 - 0x752fc000 	C:\Windows\system32\ole32.dll
0x74390000 - 0x7439b000 	C:\Windows\system32\profapi.dll
0x6cf30000 - 0x6d076000 	C:\Program Files\Java\jre1.8.0_20\bin\awt.dll
0x76290000 - 0x7631f000 	C:\Windows\system32\OLEAUT32.dll
0x72be0000 - 0x72bf3000 	C:\Windows\system32\DWMAPI.DLL
0x73100000 - 0x73140000 	C:\Windows\system32\uxtheme.dll
0x742e0000 - 0x742ec000 	C:\Windows\system32\CRYPTBASE.dll
0x5ddc0000 - 0x5ddf8000 	C:\Program Files\Java\jre1.8.0_20\bin\fontmanager.dll
0x6e240000 - 0x6e32b000 	C:\Windows\system32\dbghelp.dll

VM Arguments:
jvm_args: -Dfile.encoding=Cp1252 
java_command: YBall.Luncher
java_class_path (initial): C:\Users\9102Gamer\workspace\YellowBall\bin
Launcher Type: SUN_STANDARD

Environment Variables:
JAVA_HOME=C:\Program Files\Java\jdk1.8.0_20
PATH=C:/Program Files/Java/jre1.8.0_20/bin/client;C:/Program Files/Java/jre1.8.0_20/bin;C:/Program Files/Java/jre1.8.0_20/lib/i386;C:\Program Files\CollabNet;C:\Program Files\Embarcadero\RAD Studio\11.0\bin;C:\Users\Public\Documents\RAD Studio\11.0\Bpl;C:\Program Files\Embarcadero\RAD Studio\11.0\bin64;C:\Users\Public\Documents\RAD Studio\11.0\Bpl\Win64;C:\ProgramData\Oracle\Java\javapath;C:\Program Files\EasyPHP-DevServer-14.1VC9\binaries\php\php_runningversion;C:\Program Files\EasyPHP-DevServer-13.1VC9\binaries\php\php_runningversion;C:\Windows\system32;C:\Windows;C:\Windows\System32\Wbem;C:\Windows\System32\WindowsPowerShell\v1.0\;C:\Program Files\Borland\Delphi7\Bin;C:\Program Files\Borland\Delphi7\Projects\Bpl;c:\Program Files\Microsoft SQL Server\100\Tools\Binn\;c:\Program Files\Microsoft SQL Server\100\DTS\Binn\;C:\Program Files\TortoiseSVN\bin;C:\Program Files\OpenVPN\bin;C:\Users\9102Gamer\Desktop\eclipse;
USERNAME=9102Gamer
OS=Windows_NT
PROCESSOR_IDENTIFIER=x86 Family 6 Model 58 Stepping 9, GenuineIntel



---------------  S Y S T E M  ---------------

OS: Windows 7 Build 7600 

CPU:total 4 (2 cores per cpu, 2 threads per core) family 6 model 58 stepping 9, cmov, cx8, fxsr, mmx, sse, sse2, sse3, ssse3, sse4.1, sse4.2, popcnt, clmul, erms, ht, tsc, tscinvbit, tscinv

Memory: 4k page, physical 2789740k(895460k free), swap 5577716k(2748292k free)

vm_info: Java HotSpot(TM) Client VM (25.20-b23) for windows-x86 JRE (1.8.0_20-b26), built on Jul 30 2014 18:14:41 by "java_re" with MS VC++ 10.0 (VS2010)

time: Sun Apr 19 19:20:44 2015
elapsed time: 3 seconds (0d 0h 0m 3s)

